Build started 29.10.2015 00:04:28.
     1>Project "D:\C++ Projects\SillyTech3D\SillyTech3D\SillyTech3D\SillyTech3D.vcxproj" on node 2 (Build target(s)).
     1>ClCompile:
         D:\Program Files (x86)\Microsoft Visual Studio 14.0\VC\bin\CL.exe /c /Zi /nologo /W3 /WX- /sdl /O2 /Oi /Oy- /GL /D _MBCS /Gm- /EHsc /MD /GS /Gy /fp:precise /Zc:wchar_t /Zc:forScope /Zc:inline /Fo"Release\\" /Fd"Release\vc140.pdb" /Gd /TP /analyze- /errorReport:prompt actor.cpp actor_manager.cpp component.cpp debug.cpp feature.cpp game_engine.cpp game_feature.cpp game_server.cpp core_events.cpp gl_display.cpp graphics_feature.cpp input_feature.cpp lua_glue.cpp lua_script_component.cpp lua_script_manager.cpp lua_script_res.cpp Main.cpp manager.cpp material.cpp material_res.cpp mesh.cpp mesh_data.cpp mesh_render_manager.cpp mesh_res.cpp actor_factory.cpp mesh_render_component.cpp resource.cpp resource_manager.cpp script_component.cpp script_feature.cpp script_helper.cpp texture.cpp texture_factory.cpp texture_res.cpp text_file_reader.cpp transform.cpp
         actor.cpp
     1>d:\c++ projects\sillytech3d\sillytech3d\sillytech3d\transform.h(4): fatal error C1083: Cannot open include file: 'glm.hpp': No such file or directory
         actor_manager.cpp
     1>d:\c++ projects\sillytech3d\sillytech3d\sillytech3d\transform.h(4): fatal error C1083: Cannot open include file: 'glm.hpp': No such file or directory
         component.cpp
     1>d:\c++ projects\sillytech3d\sillytech3d\sillytech3d\transform.h(4): fatal error C1083: Cannot open include file: 'glm.hpp': No such file or directory
         debug.cpp
         feature.cpp
     1>d:\c++ projects\sillytech3d\sillytech3d\sillytech3d\transform.h(4): fatal error C1083: Cannot open include file: 'glm.hpp': No such file or directory
         game_engine.cpp
     1>d:\c++ projects\sillytech3d\sillytech3d\sillytech3d\transform.h(4): fatal error C1083: Cannot open include file: 'glm.hpp': No such file or directory
         game_feature.cpp
     1>d:\c++ projects\sillytech3d\sillytech3d\sillytech3d\transform.h(4): fatal error C1083: Cannot open include file: 'glm.hpp': No such file or directory
         game_server.cpp
     1>d:\c++ projects\sillytech3d\sillytech3d\sillytech3d\transform.h(4): fatal error C1083: Cannot open include file: 'glm.hpp': No such file or directory
         core_events.cpp
         gl_display.cpp
     1>d:\c++ projects\sillytech3d\sillytech3d\sillytech3d\gl_display.h(5): fatal error C1083: Cannot open include file: 'SDL.h': No such file or directory
         graphics_feature.cpp
     1>d:\c++ projects\sillytech3d\sillytech3d\sillytech3d\transform.h(4): fatal error C1083: Cannot open include file: 'glm.hpp': No such file or directory
         input_feature.cpp
     1>d:\c++ projects\sillytech3d\sillytech3d\sillytech3d\transform.h(4): fatal error C1083: Cannot open include file: 'glm.hpp': No such file or directory
         lua_glue.cpp
     1>d:\c++ projects\sillytech3d\sillytech3d\sillytech3d\lua_glue.h(6): fatal error C1083: Cannot open include file: 'lua.h': No such file or directory
         lua_script_component.cpp
     1>d:\c++ projects\sillytech3d\sillytech3d\sillytech3d\transform.h(4): fatal error C1083: Cannot open include file: 'glm.hpp': No such file or directory
         lua_script_manager.cpp
     1>d:\c++ projects\sillytech3d\sillytech3d\sillytech3d\transform.h(4): fatal error C1083: Cannot open include file: 'glm.hpp': No such file or directory
         lua_script_res.cpp
     1>d:\c++ projects\sillytech3d\sillytech3d\sillytech3d\transform.h(4): fatal error C1083: Cannot open include file: 'glm.hpp': No such file or directory
         Main.cpp
     1>Main.cpp(1): fatal error C1083: Cannot open include file: 'SDL.h': No such file or directory
         manager.cpp
     1>d:\c++ projects\sillytech3d\sillytech3d\sillytech3d\transform.h(4): fatal error C1083: Cannot open include file: 'glm.hpp': No such file or directory
         material.cpp
         material_res.cpp
         Compiling...
         mesh.cpp
     1>d:\c++ projects\sillytech3d\sillytech3d\sillytech3d\mesh.h(4): fatal error C1083: Cannot open include file: 'GL/glew.h': No such file or directory
         mesh_data.cpp
     1>d:\c++ projects\sillytech3d\sillytech3d\sillytech3d\mesh_data.h(5): fatal error C1083: Cannot open include file: 'glm.hpp': No such file or directory
         mesh_render_manager.cpp
     1>d:\c++ projects\sillytech3d\sillytech3d\sillytech3d\transform.h(4): fatal error C1083: Cannot open include file: 'glm.hpp': No such file or directory
         mesh_res.cpp
     1>d:\c++ projects\sillytech3d\sillytech3d\sillytech3d\mesh.h(4): fatal error C1083: Cannot open include file: 'GL/glew.h': No such file or directory
         actor_factory.cpp
     1>d:\c++ projects\sillytech3d\sillytech3d\sillytech3d\actor_factory.h(4): fatal error C1083: Cannot open include file: 'assimp/scene.h': No such file or directory
         mesh_render_component.cpp
     1>d:\c++ projects\sillytech3d\sillytech3d\sillytech3d\mesh.h(4): fatal error C1083: Cannot open include file: 'GL/glew.h': No such file or directory
         resource.cpp
         resource_manager.cpp
         script_component.cpp
         script_feature.cpp
     1>d:\c++ projects\sillytech3d\sillytech3d\sillytech3d\transform.h(4): fatal error C1083: Cannot open include file: 'glm.hpp': No such file or directory
         script_helper.cpp
     1>d:\c++ projects\sillytech3d\sillytech3d\sillytech3d\script_helper.h(5): fatal error C1083: Cannot open include file: 'luabind/luabind.hpp': No such file or directory
         texture.cpp
     1>d:\c++ projects\sillytech3d\sillytech3d\sillytech3d\texture.h(4): fatal error C1083: Cannot open include file: 'GL/glew.h': No such file or directory
         texture_factory.cpp
     1>d:\c++ projects\sillytech3d\sillytech3d\sillytech3d\texture.h(4): fatal error C1083: Cannot open include file: 'GL/glew.h': No such file or directory
         texture_res.cpp
     1>d:\c++ projects\sillytech3d\sillytech3d\sillytech3d\texture.h(4): fatal error C1083: Cannot open include file: 'GL/glew.h': No such file or directory
         text_file_reader.cpp
         transform.cpp
     1>d:\c++ projects\sillytech3d\sillytech3d\sillytech3d\transform.h(4): fatal error C1083: Cannot open include file: 'glm.hpp': No such file or directory
     1>Done Building Project "D:\C++ Projects\SillyTech3D\SillyTech3D\SillyTech3D\SillyTech3D.vcxproj" (Build target(s)) -- FAILED.

Build FAILED.

Time Elapsed 00:00:41.88
